build/app/outputs/mapping/release/seeds.txt
androidx.vectordrawable.graphics.drawable.VectorDrawableCompat$VFullPath: void setStrokeColor(int)
androidx.lifecycle.ProcessLifecycleOwner$attach$1$onActivityPreCreated$1: void onActivityPostStarted(android.app.Activity)
kotlinx.serialization.json.JsonNull: JsonNull()
androidx.core.app.NotificationCompatBuilder$Api20Impl: android.app.Notification$Builder addAction(android.app.Notification$Builder,android.app.Notification$Action)
androidx.appcompat.view.menu.ExpandedMenuView: int getWindowAnimations()
io.flutter.embedding.engine.FlutterJNI: void setViewportMetrics(float,int,int,int,int,int,int,int,int,int,int,int,int,int,int,int,int[],int[],int[])
com.google.android.exoplayer2.source.smoothstreaming.SsMediaSource$Factory: SsMediaSource$Factory(com.google.android.exoplayer2.upstream.DataSource$Factory)
androidx.appcompat.widget.AppCompatTextView: int getAutoSizeMaxTextSize()
androidx.appcompat.widget.Toolbar: android.view.Menu getMenu()
androidx.appcompat.widget.Toolbar: android.widget.TextView getTitleTextView()
androidx.lifecycle.ReportFragment$LifecycleCallbacks: void registerIn(android.app.Activity)
io.flutter.embedding.engine.FlutterJNI: void updateJavaAssetManager(android.content.res.AssetManager,java.lang.String)
androidx.core.app.ActivityCompat$Api32Impl: boolean shouldShowRequestPermissionRationale(android.app.Activity,java.lang.String)
androidx.recyclerview.widget.RecyclerView: void setItemViewCacheSize(int)
androidx.work.ArrayCreatingInputMerger: ArrayCreatingInputMerger()
androidx.core.view.DisplayCutoutCompat$Api28Impl: java.util.List getBoundingRects(android.view.DisplayCutout)
androidx.core.app.NotificationManagerCompat$Api24Impl: int getImportance(android.app.NotificationManager)
androidx.core.content.ContextCompat$Api26Impl: android.content.Intent registerReceiver(android.content.Context,android.content.BroadcastReceiver,android.content.IntentFilter,java.lang.String,android.os.Handler,int)
androidx.preference.MultiSelectListPreference: MultiSelectListPreference(android.content.Context,android.util.AttributeSet)
androidx.recyclerview.widget.RecyclerView: int getMinFlingVelocity()
androidx.core.view.WindowInsetsCompat$Impl28: androidx.core.view.DisplayCutoutCompat getDisplayCutout()
io.flutter.view.TextureRegistry$SurfaceTextureEntry$-CC: void $default$setOnTrimMemoryListener(io.flutter.view.TextureRegistry$SurfaceTextureEntry,io.flutter.view.TextureRegistry$OnTrimMemoryListener)
androidx.core.view.WindowInsetsCompat$Impl20: androidx.core.graphics.Insets getVisibleInsets(android.view.View)
androidx.core.widget.NestedScrollView: void setNestedScrollingEnabled(boolean)
androidx.appcompat.widget.ActionMenuView: void setExpandedActionViewsExclusive(boolean)
com.bbflight.background_downloader.PermissionStatus: com.bbflight.background_downloader.PermissionStatus[] values()
androidx.media.AudioAttributesImplBaseParcelizer: AudioAttributesImplBaseParcelizer()
io.flutter.embedding.engine.FlutterJNI: void removeIsDisplayingFlutterUiListener(io.flutter.embedding.engine.renderer.FlutterUiDisplayListener)
com.google.common.collect.AbstractIterator$State: com.google.common.collect.AbstractIterator$State valueOf(java.lang.String)
androidx.vectordrawable.graphics.drawable.VectorDrawableCompat$VGroup: void setTranslateX(float)
com.bbflight.background_downloader.UploadTaskWorker: UploadTaskWorker(android.content.Context,androidx.work.WorkerParameters)
androidx.media2.session.HeartRatingParcelizer: void write(androidx.media2.session.HeartRating,androidx.versionedparcelable.VersionedParcel)
androidx.appcompat.widget.AppCompatImageView: void setImageDrawable(android.graphics.drawable.Drawable)
androidx.window.area.reflectionguard.WindowAreaComponentApi3Requirements: void addRearDisplayPresentationStatusListener(androidx.window.extensions.core.util.function.Consumer)
io.flutter.embedding.engine.FlutterJNI: void markTextureFrameAvailable(long)