build/app/outputs/mapping/release/usage.txt
com.aradia.audiobook.MainActivity
com.aradia.audiobook.R$drawable
com.aradia.audiobook.R$mipmap
com.aradia.audiobook.R$style
com.aradia.audiobook.R
...
com.google.android.exoplayer2.source.LoopingMediaSource$LoopingTimeline
com.google.android.exoplayer2.source.LoopingMediaSource
com.google.android.exoplayer2.source.MaskingMediaPeriod:
    public void setPrepareListener(com.google.android.exoplayer2.source.MaskingMediaPeriod$PrepareListener)
com.google.android.exoplayer2.source.MediaParserExtractorAdapter
com.google.android.exoplayer2.source.MediaPeriod:
    public java.util.List getStreamKeys(java.util.List)
com.google.android.exoplayer2.source.MediaPeriodId:
    public com.google.android.exoplayer2.source.MediaPeriodId copyWithWindowSequenceNumber(long)
com.google.android.exoplayer2.source.MediaSource$Factory:
    public static final com.google.android.exoplayer2.source.MediaSource$Factory UNSUPPORTED
    static void <clinit>()
    public abstract com.google.android.exoplayer2.source.MediaSource createMediaSource(com.google.android.exoplayer2.MediaItem)
    public abstract int[] getSupportedTypes()
    public abstract com.google.android.exoplayer2.source.MediaSource$Factory setDrmSessionManagerProvider(com.google.android.exoplayer2.drm.DrmSessionManagerProvider)
    public abstract com.google.android.exoplayer2.source.MediaSource$Factory setLoadErrorHandlingPolicy(com.google.android.exoplayer2.upstream.LoadErrorHandlingPolicy)
com.google.android.exoplayer2.source.MediaSource$MediaPeriodId:
    public synthetic bridge com.google.android.exoplayer2.source.MediaPeriodId copyWithPeriodUid(java.lang.Object)
    public synthetic bridge com.google.android.exoplayer2.source.MediaPeriodId copyWithWindowSequenceNumber(long)
    public com.google.android.exoplayer2.source.MediaSource$MediaPeriodId copyWithWindowSequenceNumber(long)
com.google.android.exoplayer2.source.MediaSource:
    public void prepareSource(com.google.android.exoplayer2.source.MediaSource$MediaSourceCaller,com.google.android.exoplayer2.upstream.TransferListener)
com.google.android.exoplayer2.source.MediaSourceFactory$1
com.google.android.exoplayer2.source.MediaSourceFactory
com.google.android.exoplayer2.source.MergingMediaPeriod$ForwardingTrackSelection
com.google.android.exoplayer2.source.MergingMediaPeriod$TimeOffsetMediaPeriod
com.google.android.exoplayer2.source.MergingMediaPeriod$TimeOffsetSampleStream
com.google.android.exoplayer2.source.MergingMediaPeriod
com.google.android.exoplayer2.source.MergingMediaSource$ClippedTimeline
com.google.android.exoplayer2.source.MergingMediaSource$IllegalMergeException$Reason
com.google.android.exoplayer2.source.MergingMediaSource$IllegalMergeException
com.google.android.exoplayer2.source.MergingMediaSource
com.google.android.exoplayer2.source.ProgressiveMediaPeriod:
    private static final long DEFAULT_LAST_SAMPLE_DURATION_US
com.google.android.exoplayer2.source.ProgressiveMediaSource$Factory:
    public void <init>(com.google.android.exoplayer2.upstream.DataSource$Factory)
    public synthetic bridge com.google.android.exoplayer2.source.MediaSource createMediaSource(com.google.android.exoplayer2.MediaItem)
    public int[] getSupportedTypes()
    public com.google.android.exoplayer2.source.ProgressiveMediaSource$Factory setContinueLoadingCheckIntervalBytes(int)
    public synthetic bridge com.google.android.exoplayer2.source.MediaSource$Factory setDrmSessionManagerProvider(com.google.android.exoplayer2.drm.DrmSessionManagerProvider)
    public com.google.android.exoplayer2.source.ProgressiveMediaSource$Factory setDrmSessionManagerProvider(com.google.android.exoplayer2.drm.DrmSessionManagerProvider)
    public synthetic bridge com.google.android.exoplayer2.source.MediaSource$Factory setLoadErrorHandlingPolicy(com.google.android.exoplayer2.upstream.LoadErrorHandlingPolicy)
    public com.google.android.exoplayer2.source.ProgressiveMediaSource$Factory setLoadErrorHandlingPolicy(com.google.android.exoplayer2.upstream.LoadErrorHandlingPolicy)
com.google.android.exoplayer2.source.ProgressiveMediaSource:
    public static final int DEFAULT_LOADING_CHECK_INTERVAL_BYTES